

Started GET "/results?max_price=300000" for ::1 at 2016-05-11 17:00:28 +1000
  [1m[36mActiveRecord::SchemaMigration Load (0.5ms)[0m  [1mSELECT "schema_migrations".* FROM "schema_migrations"[0m
Processing by SuburbsController#results as HTML
  Parameters: {"max_price"=>"300000"}
  [1m[35mSuburb Load (0.6ms)[0m  SELECT "suburbs".* FROM "suburbs"
  Rendered suburbs/results.html.erb within layouts/application (1.7ms)
Completed 200 OK in 7496ms (Views: 995.6ms | ActiveRecord: 4.2ms)


Started GET "/results?max_price=300000" for ::1 at 2016-05-11 17:05:48 +1000
Processing by SuburbsController#results as HTML
  Parameters: {"max_price"=>"300000"}
  [1m[36mSuburb Load (0.3ms)[0m  [1mSELECT "suburbs".* FROM "suburbs"[0m
  Rendered suburbs/results.html.erb within layouts/application (1.1ms)
Completed 200 OK in 5831ms (Views: 23.5ms | ActiveRecord: 0.3ms)


Started GET "/assets/grid.self-ba2590589c6ae6eb1d76c0c5a661d03ed0587148acc3523caa24e39a38c865c7.css?body=1" for ::1 at 2016-05-11 17:05:54 +1000


Started GET "/assets/style.self-452fecd8fba6b51dd69e1ad7746857f5f001f0dc6907da59339e0a633e108708.css?body=1" for ::1 at 2016-05-11 17:05:54 +1000


Started GET "/assets/jquery_ujs.self-e87806d0cf4489aeb1bb7288016024e8de67fd18db693fe026fe3907581e53cd.js?body=1" for ::1 at 2016-05-11 17:05:54 +1000


Started GET "/assets/jquery.self-b62ac22841b2fab833820a8110ae75db06aabeaffcd25fccf49a6c1c33f04a9b.js?body=1" for ::1 at 2016-05-11 17:05:54 +1000


Started GET "/assets/application.self-e80e8f2318043e8af94dddc2adad5a4f09739a8ebb323b3ab31cd71d45fd9113.css?body=1" for ::1 at 2016-05-11 17:05:54 +1000


Started GET "/assets/reset.self-ee709de97b91a2cb0c008cda9905a2135b4a692c0aafb5fad87e594f7e06a895.css?body=1" for ::1 at 2016-05-11 17:05:54 +1000


Started GET "/assets/turbolinks.self-c37727e9bd6b2735da5c311aa83fead54ed0be6cc8bd9a65309e9c5abe2cbfff.js?body=1" for ::1 at 2016-05-11 17:05:54 +1000


Started GET "/assets/underscore.self-8c17561264389571750ac522c272868d7105cf5e3f8af4761d09489b631d177c.js?body=1" for ::1 at 2016-05-11 17:05:54 +1000


Started GET "/assets/handlebars.self-f34dc7344cb4b7ef71749fc1095378a12419c079a2d058bf69e4a6de17d780eb.js?body=1" for ::1 at 2016-05-11 17:05:54 +1000


Started GET "/assets/app.self-340e74b85705e8157c4d04f113c15ad61b387e0a69a249fc73599279cb7fb23d.js?body=1" for ::1 at 2016-05-11 17:05:54 +1000


Started GET "/assets/application.self-7862a8a8b42407b4741a1adeeea35f0d13ddc4f702ec532adb0674491d296495.js?body=1" for ::1 at 2016-05-11 17:05:54 +1000
  [1m[36mSuburb Load (0.6ms)[0m  [1mSELECT "suburbs".* FROM "suburbs"[0m


Started GET "/results?max_price=300000" for ::1 at 2016-05-11 17:10:50 +1000
Processing by SuburbsController#results as HTML
  Parameters: {"max_price"=>"300000"}
  [1m[35mSuburb Load (0.4ms)[0m  SELECT "suburbs".* FROM "suburbs"
  Rendered suburbs/results.html.erb within layouts/application (1.4ms)
Completed 200 OK in 7338ms (Views: 105.7ms | ActiveRecord: 0.4ms)


Started GET "/assets/reset.self-ee709de97b91a2cb0c008cda9905a2135b4a692c0aafb5fad87e594f7e06a895.css?body=1" for ::1 at 2016-05-11 17:10:58 +1000


Started GET "/assets/grid.self-ba2590589c6ae6eb1d76c0c5a661d03ed0587148acc3523caa24e39a38c865c7.css?body=1" for ::1 at 2016-05-11 17:10:58 +1000


Started GET "/assets/style.self-452fecd8fba6b51dd69e1ad7746857f5f001f0dc6907da59339e0a633e108708.css?body=1" for ::1 at 2016-05-11 17:10:58 +1000


Started GET "/assets/application.self-e80e8f2318043e8af94dddc2adad5a4f09739a8ebb323b3ab31cd71d45fd9113.css?body=1" for ::1 at 2016-05-11 17:10:58 +1000


Started GET "/assets/jquery.self-b62ac22841b2fab833820a8110ae75db06aabeaffcd25fccf49a6c1c33f04a9b.js?body=1" for ::1 at 2016-05-11 17:10:58 +1000


Started GET "/assets/app.self-a5a4e568cc4efc8a26e939a08368d9a7596b949d633b08e52405cda807155d24.js?body=1" for ::1 at 2016-05-11 17:10:58 +1000


Started GET "/assets/jquery_ujs.self-e87806d0cf4489aeb1bb7288016024e8de67fd18db693fe026fe3907581e53cd.js?body=1" for ::1 at 2016-05-11 17:10:58 +1000


Started GET "/assets/turbolinks.self-c37727e9bd6b2735da5c311aa83fead54ed0be6cc8bd9a65309e9c5abe2cbfff.js?body=1" for ::1 at 2016-05-11 17:10:58 +1000


Started GET "/assets/underscore.self-8c17561264389571750ac522c272868d7105cf5e3f8af4761d09489b631d177c.js?body=1" for ::1 at 2016-05-11 17:10:58 +1000


Started GET "/assets/handlebars.self-f34dc7344cb4b7ef71749fc1095378a12419c079a2d058bf69e4a6de17d780eb.js?body=1" for ::1 at 2016-05-11 17:10:58 +1000


Started GET "/assets/application.self-7862a8a8b42407b4741a1adeeea35f0d13ddc4f702ec532adb0674491d296495.js?body=1" for ::1 at 2016-05-11 17:10:58 +1000


Started GET "/assets/underscore-min.map" for ::1 at 2016-05-11 17:11:17 +1000

ActionController::RoutingError (No route matches [GET] "/assets/underscore-min.map"):
  actionpack (4.2.6) lib/action_dispatch/middleware/debug_exceptions.rb:21:in `call'
  web-console (2.3.0) lib/web_console/middleware.rb:28:in `block in call'
  web-console (2.3.0) lib/web_console/middleware.rb:18:in `catch'
  web-console (2.3.0) lib/web_console/middleware.rb:18:in `call'
  actionpack (4.2.6) lib/action_dispatch/middleware/show_exceptions.rb:30:in `call'
  railties (4.2.6) lib/rails/rack/logger.rb:38:in `call_app'
  railties (4.2.6) lib/rails/rack/logger.rb:20:in `block in call'
  activesupport (4.2.6) lib/active_support/tagged_logging.rb:68:in `block in tagged'
  activesupport (4.2.6) lib/active_support/tagged_logging.rb:26:in `tagged'
  activesupport (4.2.6) lib/active_support/tagged_logging.rb:68:in `tagged'
  railties (4.2.6) lib/rails/rack/logger.rb:20:in `call'
  actionpack (4.2.6) lib/action_dispatch/middleware/request_id.rb:21:in `call'
  rack (1.6.4) lib/rack/methodoverride.rb:22:in `call'
  rack (1.6.4) lib/rack/runtime.rb:18:in `call'
  activesupport (4.2.6) lib/active_support/cache/strategy/local_cache_middleware.rb:28:in `call'
  rack (1.6.4) lib/rack/lock.rb:17:in `call'
  actionpack (4.2.6) lib/action_dispatch/middleware/static.rb:120:in `call'
  rack (1.6.4) lib/rack/sendfile.rb:113:in `call'
  rack-cors (0.4.0) lib/rack/cors.rb:80:in `call'
  railties (4.2.6) lib/rails/engine.rb:518:in `call'
  railties (4.2.6) lib/rails/application.rb:165:in `call'
  rack (1.6.4) lib/rack/lock.rb:17:in `call'
  rack (1.6.4) lib/rack/content_length.rb:15:in `call'
  rack (1.6.4) lib/rack/handler/webrick.rb:88:in `service'
  /Users/christie.metson/.rvm/rubies/ruby-2.2.2/lib/ruby/2.2.0/webrick/httpserver.rb:138:in `service'
  /Users/christie.metson/.rvm/rubies/ruby-2.2.2/lib/ruby/2.2.0/webrick/httpserver.rb:94:in `run'
  /Users/christie.metson/.rvm/rubies/ruby-2.2.2/lib/ruby/2.2.0/webrick/server.rb:294:in `block in start_thread'


  Rendered /Users/christie.metson/.rvm/gems/ruby-2.2.2/gems/actionpack-4.2.6/lib/action_dispatch/middleware/templates/rescues/_trace.html.erb (1.6ms)
  Rendered /Users/christie.metson/.rvm/gems/ruby-2.2.2/gems/actionpack-4.2.6/lib/action_dispatch/middleware/templates/routes/_route.html.erb (1.0ms)
  Rendered /Users/christie.metson/.rvm/gems/ruby-2.2.2/gems/actionpack-4.2.6/lib/action_dispatch/middleware/templates/routes/_table.html.erb (13.9ms)
  Rendered /Users/christie.metson/.rvm/gems/ruby-2.2.2/gems/actionpack-4.2.6/lib/action_dispatch/middleware/templates/rescues/_request_and_response.html.erb (1.7ms)
  Rendered /Users/christie.metson/.rvm/gems/ruby-2.2.2/gems/actionpack-4.2.6/lib/action_dispatch/middleware/templates/rescues/routing_error.html.erb within rescues/layout (91.4ms)
  Rendered /Users/christie.metson/.rvm/gems/ruby-2.2.2/gems/web-console-2.3.0/lib/web_console/templates/_markup.html.erb (0.5ms)
  Rendered /Users/christie.metson/.rvm/gems/ruby-2.2.2/gems/web-console-2.3.0/lib/web_console/templates/_inner_console_markup.html.erb within layouts/inlined_string (0.6ms)
  Rendered /Users/christie.metson/.rvm/gems/ruby-2.2.2/gems/web-console-2.3.0/lib/web_console/templates/_prompt_box_markup.html.erb within layouts/inlined_string (0.4ms)
  Rendered /Users/christie.metson/.rvm/gems/ruby-2.2.2/gems/web-console-2.3.0/lib/web_console/templates/style.css.erb within layouts/inlined_string (0.4ms)
  Rendered /Users/christie.metson/.rvm/gems/ruby-2.2.2/gems/web-console-2.3.0/lib/web_console/templates/console.js.erb within layouts/javascript (61.8ms)
  Rendered /Users/christie.metson/.rvm/gems/ruby-2.2.2/gems/web-console-2.3.0/lib/web_console/templates/main.js.erb within layouts/javascript (0.3ms)
  Rendered /Users/christie.metson/.rvm/gems/ruby-2.2.2/gems/web-console-2.3.0/lib/web_console/templates/error_page.js.erb within layouts/javascript (0.4ms)
  Rendered /Users/christie.metson/.rvm/gems/ruby-2.2.2/gems/web-console-2.3.0/lib/web_console/templates/index.html.erb (140.9ms)


Started GET "/results?max_price=300000" for ::1 at 2016-05-11 17:11:34 +1000
Processing by SuburbsController#results as HTML
  Parameters: {"max_price"=>"300000"}
  [1m[36mSuburb Load (0.3ms)[0m  [1mSELECT "suburbs".* FROM "suburbs"[0m
  Rendered suburbs/results.html.erb within layouts/application (0.8ms)
Completed 200 OK in 6195ms (Views: 28.0ms | ActiveRecord: 0.3ms)


Started GET "/assets/grid.self-ba2590589c6ae6eb1d76c0c5a661d03ed0587148acc3523caa24e39a38c865c7.css?body=1" for ::1 at 2016-05-11 17:11:40 +1000


Started GET "/assets/style.self-452fecd8fba6b51dd69e1ad7746857f5f001f0dc6907da59339e0a633e108708.css?body=1" for ::1 at 2016-05-11 17:11:40 +1000


Started GET "/assets/application.self-e80e8f2318043e8af94dddc2adad5a4f09739a8ebb323b3ab31cd71d45fd9113.css?body=1" for ::1 at 2016-05-11 17:11:40 +1000


Started GET "/assets/jquery_ujs.self-e87806d0cf4489aeb1bb7288016024e8de67fd18db693fe026fe3907581e53cd.js?body=1" for ::1 at 2016-05-11 17:11:40 +1000


Started GET "/assets/reset.self-ee709de97b91a2cb0c008cda9905a2135b4a692c0aafb5fad87e594f7e06a895.css?body=1" for ::1 at 2016-05-11 17:11:40 +1000


Started GET "/assets/jquery.self-b62ac22841b2fab833820a8110ae75db06aabeaffcd25fccf49a6c1c33f04a9b.js?body=1" for ::1 at 2016-05-11 17:11:40 +1000


Started GET "/assets/turbolinks.self-c37727e9bd6b2735da5c311aa83fead54ed0be6cc8bd9a65309e9c5abe2cbfff.js?body=1" for ::1 at 2016-05-11 17:11:40 +1000


Started GET "/assets/underscore.self-8c17561264389571750ac522c272868d7105cf5e3f8af4761d09489b631d177c.js?body=1" for ::1 at 2016-05-11 17:11:40 +1000


Started GET "/assets/handlebars.self-f34dc7344cb4b7ef71749fc1095378a12419c079a2d058bf69e4a6de17d780eb.js?body=1" for ::1 at 2016-05-11 17:11:40 +1000


Started GET "/assets/app.self-a5a4e568cc4efc8a26e939a08368d9a7596b949d633b08e52405cda807155d24.js?body=1" for ::1 at 2016-05-11 17:11:40 +1000


Started GET "/assets/application.self-7862a8a8b42407b4741a1adeeea35f0d13ddc4f702ec532adb0674491d296495.js?body=1" for ::1 at 2016-05-11 17:11:40 +1000


Started GET "/assets/underscore-min.map" for ::1 at 2016-05-11 17:11:41 +1000

ActionController::RoutingError (No route matches [GET] "/assets/underscore-min.map"):
  actionpack (4.2.6) lib/action_dispatch/middleware/debug_exceptions.rb:21:in `call'
  web-console (2.3.0) lib/web_console/middleware.rb:28:in `block in call'
  web-console (2.3.0) lib/web_console/middleware.rb:18:in `catch'
  web-console (2.3.0) lib/web_console/middleware.rb:18:in `call'
  actionpack (4.2.6) lib/action_dispatch/middleware/show_exceptions.rb:30:in `call'
  railties (4.2.6) lib/rails/rack/logger.rb:38:in `call_app'
  railties (4.2.6) lib/rails/rack/logger.rb:20:in `block in call'
  activesupport (4.2.6) lib/active_support/tagged_logging.rb:68:in `block in tagged'
  activesupport (4.2.6) lib/active_support/tagged_logging.rb:26:in `tagged'
  activesupport (4.2.6) lib/active_support/tagged_logging.rb:68:in `tagged'
  railties (4.2.6) lib/rails/rack/logger.rb:20:in `call'
  actionpack (4.2.6) lib/action_dispatch/middleware/request_id.rb:21:in `call'
  rack (1.6.4) lib/rack/methodoverride.rb:22:in `call'
  rack (1.6.4) lib/rack/runtime.rb:18:in `call'
  activesupport (4.2.6) lib/active_support/cache/strategy/local_cache_middleware.rb:28:in `call'
  rack (1.6.4) lib/rack/lock.rb:17:in `call'
  actionpack (4.2.6) lib/action_dispatch/middleware/static.rb:120:in `call'
  rack (1.6.4) lib/rack/sendfile.rb:113:in `call'
  rack-cors (0.4.0) lib/rack/cors.rb:80:in `call'
  railties (4.2.6) lib/rails/engine.rb:518:in `call'
  railties (4.2.6) lib/rails/application.rb:165:in `call'
  rack (1.6.4) lib/rack/lock.rb:17:in `call'
  rack (1.6.4) lib/rack/content_length.rb:15:in `call'
  rack (1.6.4) lib/rack/handler/webrick.rb:88:in `service'
  /Users/christie.metson/.rvm/rubies/ruby-2.2.2/lib/ruby/2.2.0/webrick/httpserver.rb:138:in `service'
  /Users/christie.metson/.rvm/rubies/ruby-2.2.2/lib/ruby/2.2.0/webrick/httpserver.rb:94:in `run'
  /Users/christie.metson/.rvm/rubies/ruby-2.2.2/lib/ruby/2.2.0/webrick/server.rb:294:in `block in start_thread'


  Rendered /Users/christie.metson/.rvm/gems/ruby-2.2.2/gems/actionpack-4.2.6/lib/action_dispatch/middleware/templates/rescues/_trace.html.erb (1.8ms)
  Rendered /Users/christie.metson/.rvm/gems/ruby-2.2.2/gems/actionpack-4.2.6/lib/action_dispatch/middleware/templates/routes/_route.html.erb (1.7ms)
  Rendered /Users/christie.metson/.rvm/gems/ruby-2.2.2/gems/actionpack-4.2.6/lib/action_dispatch/middleware/templates/routes/_table.html.erb (3.8ms)
  Rendered /Users/christie.metson/.rvm/gems/ruby-2.2.2/gems/actionpack-4.2.6/lib/action_dispatch/middleware/templates/rescues/_request_and_response.html.erb (4.1ms)
  Rendered /Users/christie.metson/.rvm/gems/ruby-2.2.2/gems/actionpack-4.2.6/lib/action_dispatch/middleware/templates/rescues/routing_error.html.erb within rescues/layout (123.7ms)
  Rendered /Users/christie.metson/.rvm/gems/ruby-2.2.2/gems/web-console-2.3.0/lib/web_console/templates/_markup.html.erb (1.0ms)
  Rendered /Users/christie.metson/.rvm/gems/ruby-2.2.2/gems/web-console-2.3.0/lib/web_console/templates/_inner_console_markup.html.erb within layouts/inlined_string (0.5ms)
  Rendered /Users/christie.metson/.rvm/gems/ruby-2.2.2/gems/web-console-2.3.0/lib/web_console/templates/_prompt_box_markup.html.erb within layouts/inlined_string (0.5ms)
  Rendered /Users/christie.metson/.rvm/gems/ruby-2.2.2/gems/web-console-2.3.0/lib/web_console/templates/style.css.erb within layouts/inlined_string (0.6ms)
  Rendered /Users/christie.metson/.rvm/gems/ruby-2.2.2/gems/web-console-2.3.0/lib/web_console/templates/console.js.erb within layouts/javascript (61.3ms)
  Rendered /Users/christie.metson/.rvm/gems/ruby-2.2.2/gems/web-console-2.3.0/lib/web_console/templates/main.js.erb within layouts/javascript (0.7ms)
  Rendered /Users/christie.metson/.rvm/gems/ruby-2.2.2/gems/web-console-2.3.0/lib/web_console/templates/error_page.js.erb within layouts/javascript (0.4ms)
  Rendered /Users/christie.metson/.rvm/gems/ruby-2.2.2/gems/web-console-2.3.0/lib/web_console/templates/index.html.erb (154.1ms)


Started GET "/results?max_price=300000" for ::1 at 2016-05-11 17:12:05 +1000
Processing by SuburbsController#results as HTML
  Parameters: {"max_price"=>"300000"}
  [1m[35mSuburb Load (0.3ms)[0m  SELECT "suburbs".* FROM "suburbs"
  Rendered suburbs/results.html.erb within layouts/application (1.1ms)
Completed 200 OK in 6287ms (Views: 22.8ms | ActiveRecord: 0.3ms)


Started GET "/assets/grid.self-ba2590589c6ae6eb1d76c0c5a661d03ed0587148acc3523caa24e39a38c865c7.css?body=1" for ::1 at 2016-05-11 17:12:11 +1000


Started GET "/assets/reset.self-ee709de97b91a2cb0c008cda9905a2135b4a692c0aafb5fad87e594f7e06a895.css?body=1" for ::1 at 2016-05-11 17:12:11 +1000


Started GET "/assets/jquery.self-b62ac22841b2fab833820a8110ae75db06aabeaffcd25fccf49a6c1c33f04a9b.js?body=1" for ::1 at 2016-05-11 17:12:11 +1000


Started GET "/assets/jquery_ujs.self-e87806d0cf4489aeb1bb7288016024e8de67fd18db693fe026fe3907581e53cd.js?body=1" for ::1 at 2016-05-11 17:12:11 +1000


Started GET "/assets/style.self-452fecd8fba6b51dd69e1ad7746857f5f001f0dc6907da59339e0a633e108708.css?body=1" for ::1 at 2016-05-11 17:12:11 +1000


Started GET "/assets/application.self-e80e8f2318043e8af94dddc2adad5a4f09739a8ebb323b3ab31cd71d45fd9113.css?body=1" for ::1 at 2016-05-11 17:12:11 +1000


Started GET "/assets/turbolinks.self-c37727e9bd6b2735da5c311aa83fead54ed0be6cc8bd9a65309e9c5abe2cbfff.js?body=1" for ::1 at 2016-05-11 17:12:11 +1000


Started GET "/assets/underscore.self-8c17561264389571750ac522c272868d7105cf5e3f8af4761d09489b631d177c.js?body=1" for ::1 at 2016-05-11 17:12:11 +1000


Started GET "/assets/handlebars.self-f34dc7344cb4b7ef71749fc1095378a12419c079a2d058bf69e4a6de17d780eb.js?body=1" for ::1 at 2016-05-11 17:12:11 +1000


Started GET "/assets/app.self-a5a4e568cc4efc8a26e939a08368d9a7596b949d633b08e52405cda807155d24.js?body=1" for ::1 at 2016-05-11 17:12:11 +1000


Started GET "/assets/application.self-7862a8a8b42407b4741a1adeeea35f0d13ddc4f702ec532adb0674491d296495.js?body=1" for ::1 at 2016-05-11 17:12:11 +1000


Started GET "/assets/underscore-min.map" for ::1 at 2016-05-11 17:12:12 +1000

ActionController::RoutingError (No route matches [GET] "/assets/underscore-min.map"):
  actionpack (4.2.6) lib/action_dispatch/middleware/debug_exceptions.rb:21:in `call'
  web-console (2.3.0) lib/web_console/middleware.rb:28:in `block in call'
  web-console (2.3.0) lib/web_console/middleware.rb:18:in `catch'
  web-console (2.3.0) lib/web_console/middleware.rb:18:in `call'
  actionpack (4.2.6) lib/action_dispatch/middleware/show_exceptions.rb:30:in `call'
  railties (4.2.6) lib/rails/rack/logger.rb:38:in `call_app'
  railties (4.2.6) lib/rails/rack/logger.rb:20:in `block in call'
  activesupport (4.2.6) lib/active_support/tagged_logging.rb:68:in `block in tagged'
  activesupport (4.2.6) lib/active_support/tagged_logging.rb:26:in `tagged'
  activesupport (4.2.6) lib/active_support/tagged_logging.rb:68:in `tagged'
  railties (4.2.6) lib/rails/rack/logger.rb:20:in `call'
  actionpack (4.2.6) lib/action_dispatch/middleware/request_id.rb:21:in `call'
  rack (1.6.4) lib/rack/methodoverride.rb:22:in `call'
  rack (1.6.4) lib/rack/runtime.rb:18:in `call'
  activesupport (4.2.6) lib/active_support/cache/strategy/local_cache_middleware.rb:28:in `call'
  rack (1.6.4) lib/rack/lock.rb:17:in `call'
  actionpack (4.2.6) lib/action_dispatch/middleware/static.rb:120:in `call'
  rack (1.6.4) lib/rack/sendfile.rb:113:in `call'
  rack-cors (0.4.0) lib/rack/cors.rb:80:in `call'
  railties (4.2.6) lib/rails/engine.rb:518:in `call'
  railties (4.2.6) lib/rails/application.rb:165:in `call'
  rack (1.6.4) lib/rack/lock.rb:17:in `call'
  rack (1.6.4) lib/rack/content_length.rb:15:in `call'
  rack (1.6.4) lib/rack/handler/webrick.rb:88:in `service'
  /Users/christie.metson/.rvm/rubies/ruby-2.2.2/lib/ruby/2.2.0/webrick/httpserver.rb:138:in `service'
  /Users/christie.metson/.rvm/rubies/ruby-2.2.2/lib/ruby/2.2.0/webrick/httpserver.rb:94:in `run'
  /Users/christie.metson/.rvm/rubies/ruby-2.2.2/lib/ruby/2.2.0/webrick/server.rb:294:in `block in start_thread'


  Rendered /Users/christie.metson/.rvm/gems/ruby-2.2.2/gems/actionpack-4.2.6/lib/action_dispatch/middleware/templates/rescues/_trace.html.erb (3.2ms)
  Rendered /Users/christie.metson/.rvm/gems/ruby-2.2.2/gems/actionpack-4.2.6/lib/action_dispatch/middleware/templates/routes/_route.html.erb (0.7ms)
  Rendered /Users/christie.metson/.rvm/gems/ruby-2.2.2/gems/actionpack-4.2.6/lib/action_dispatch/middleware/templates/routes/_table.html.erb (5.3ms)
  Rendered /Users/christie.metson/.rvm/gems/ruby-2.2.2/gems/actionpack-4.2.6/lib/action_dispatch/middleware/templates/rescues/_request_and_response.html.erb (2.5ms)
  Rendered /Users/christie.metson/.rvm/gems/ruby-2.2.2/gems/actionpack-4.2.6/lib/action_dispatch/middleware/templates/rescues/routing_error.html.erb within rescues/layout (102.2ms)
  Rendered /Users/christie.metson/.rvm/gems/ruby-2.2.2/gems/web-console-2.3.0/lib/web_console/templates/_markup.html.erb (1.1ms)
  Rendered /Users/christie.metson/.rvm/gems/ruby-2.2.2/gems/web-console-2.3.0/lib/web_console/templates/_inner_console_markup.html.erb within layouts/inlined_string (0.5ms)
  Rendered /Users/christie.metson/.rvm/gems/ruby-2.2.2/gems/web-console-2.3.0/lib/web_console/templates/_prompt_box_markup.html.erb within layouts/inlined_string (0.6ms)
  Rendered /Users/christie.metson/.rvm/gems/ruby-2.2.2/gems/web-console-2.3.0/lib/web_console/templates/style.css.erb within layouts/inlined_string (0.4ms)
  Rendered /Users/christie.metson/.rvm/gems/ruby-2.2.2/gems/web-console-2.3.0/lib/web_console/templates/console.js.erb within layouts/javascript (53.5ms)
  Rendered /Users/christie.metson/.rvm/gems/ruby-2.2.2/gems/web-console-2.3.0/lib/web_console/templates/main.js.erb within layouts/javascript (0.3ms)
  Rendered /Users/christie.metson/.rvm/gems/ruby-2.2.2/gems/web-console-2.3.0/lib/web_console/templates/error_page.js.erb within layouts/javascript (1.2ms)
  Rendered /Users/christie.metson/.rvm/gems/ruby-2.2.2/gems/web-console-2.3.0/lib/web_console/templates/index.html.erb (135.9ms)
  [1m[36mSuburb Load (0.7ms)[0m  [1mSELECT "suburbs".* FROM "suburbs"[0m
  [1m[36mActiveRecord::SchemaMigration Load (0.4ms)[0m  [1mSELECT "schema_migrations".* FROM "schema_migrations"[0m
Migrating to AddStateToSuburbs (20160511070724)
  [1m[35m (0.1ms)[0m  BEGIN
  [1m[36m (9.7ms)[0m  [1mALTER TABLE "suburbs" ADD "state" character varying[0m
  [1m[35mSQL (1.3ms)[0m  INSERT INTO "schema_migrations" ("version") VALUES ($1)  [["version", "20160511070724"]]
  [1m[36m (1.5ms)[0m  [1mCOMMIT[0m
  [1m[35mActiveRecord::SchemaMigration Load (0.2ms)[0m  SELECT "schema_migrations".* FROM "schema_migrations"
  [1m[36m (4.5ms)[0m  [1mSELECT t2.oid::regclass::text AS to_table, a1.attname AS column, a2.attname AS primary_key, c.conname AS name, c.confupdtype AS on_update, c.confdeltype AS on_delete
FROM pg_constraint c
JOIN pg_class t1 ON c.conrelid = t1.oid
JOIN pg_class t2 ON c.confrelid = t2.oid
JOIN pg_attribute a1 ON a1.attnum = c.conkey[1] AND a1.attrelid = t1.oid
JOIN pg_attribute a2 ON a2.attnum = c.confkey[1] AND a2.attrelid = t2.oid
JOIN pg_namespace t3 ON c.connamespace = t3.oid
WHERE c.contype = 'f'
  AND t1.relname = 'suburbs'
  AND t3.nspname = ANY (current_schemas(false))
ORDER BY c.conname
[0m
  [1m[36mSuburb Load (0.5ms)[0m  [1mSELECT "suburbs".* FROM "suburbs"[0m
  [1m[35mSuburb Load (2.1ms)[0m  SELECT  "suburbs".* FROM "suburbs"  ORDER BY "suburbs"."id" ASC LIMIT 1
  [1m[36mSuburb Load (0.4ms)[0m  [1mSELECT "suburbs".* FROM "suburbs"[0m
  [1m[35m (0.2ms)[0m  BEGIN
  [1m[36mSQL (0.4ms)[0m  [1mDELETE FROM "suburbs" WHERE "suburbs"."id" = $1[0m  [["id", 29]]
  [1m[35m (0.5ms)[0m  COMMIT
  [1m[36m (0.1ms)[0m  [1mBEGIN[0m
  [1m[35mSQL (0.2ms)[0m  DELETE FROM "suburbs" WHERE "suburbs"."id" = $1  [["id", 30]]
  [1m[36m (0.3ms)[0m  [1mCOMMIT[0m
  [1m[35m (0.1ms)[0m  BEGIN
  [1m[36mSQL (0.2ms)[0m  [1mDELETE FROM "suburbs" WHERE "suburbs"."id" = $1[0m  [["id", 31]]
  [1m[35m (0.3ms)[0m  COMMIT
  [1m[36m (0.1ms)[0m  [1mBEGIN[0m
  [1m[35mSQL (0.2ms)[0m  DELETE FROM "suburbs" WHERE "suburbs"."id" = $1  [["id", 32]]
  [1m[36m (0.3ms)[0m  [1mCOMMIT[0m
  [1m[35m (0.1ms)[0m  BEGIN
  [1m[36mSQL (0.2ms)[0m  [1mDELETE FROM "suburbs" WHERE "suburbs"."id" = $1[0m  [["id", 33]]
  [1m[35m (0.3ms)[0m  COMMIT
  [1m[36m (0.1ms)[0m  [1mBEGIN[0m
  [1m[35mSQL (0.2ms)[0m  DELETE FROM "suburbs" WHERE "suburbs"."id" = $1  [["id", 34]]
  [1m[36m (0.3ms)[0m  [1mCOMMIT[0m
  [1m[35m (0.2ms)[0m  BEGIN
  [1m[36mSQL (0.2ms)[0m  [1mDELETE FROM "suburbs" WHERE "suburbs"."id" = $1[0m  [["id", 35]]
  [1m[35m (0.3ms)[0m  COMMIT
  [1m[36m (0.1ms)[0m  [1mBEGIN[0m
  [1m[35mSQL (0.1ms)[0m  DELETE FROM "suburbs" WHERE "suburbs"."id" = $1  [["id", 36]]
  [1m[36m (0.3ms)[0m  [1mCOMMIT[0m
  [1m[35m (0.1ms)[0m  BEGIN
  [1m[36mSQL (0.1ms)[0m  [1mDELETE FROM "suburbs" WHERE "suburbs"."id" = $1[0m  [["id", 37]]
  [1m[35m (0.3ms)[0m  COMMIT
  [1m[36m (0.1ms)[0m  [1mBEGIN[0m
  [1m[35mSQL (0.1ms)[0m  DELETE FROM "suburbs" WHERE "suburbs"."id" = $1  [["id", 38]]
  [1m[36m (0.3ms)[0m  [1mCOMMIT[0m
  [1m[35m (0.1ms)[0m  BEGIN
  [1m[36mSQL (0.1ms)[0m  [1mDELETE FROM "suburbs" WHERE "suburbs"."id" = $1[0m  [["id", 39]]
  [1m[35m (0.3ms)[0m  COMMIT
  [1m[36m (0.2ms)[0m  [1mBEGIN[0m
  [1m[35mSQL (0.2ms)[0m  DELETE FROM "suburbs" WHERE "suburbs"."id" = $1  [["id", 40]]
  [1m[36m (0.3ms)[0m  [1mCOMMIT[0m
  [1m[35m (0.1ms)[0m  BEGIN
  [1m[36mSQL (0.1ms)[0m  [1mDELETE FROM "suburbs" WHERE "suburbs"."id" = $1[0m  [["id", 41]]
  [1m[35m (0.3ms)[0m  COMMIT
  [1m[36m (0.1ms)[0m  [1mBEGIN[0m
  [1m[35mSQL (0.1ms)[0m  DELETE FROM "suburbs" WHERE "suburbs"."id" = $1  [["id", 42]]
  [1m[36m (0.3ms)[0m  [1mCOMMIT[0m
  [1m[35m (0.1ms)[0m  BEGIN
  [1m[36mSQL (0.1ms)[0m  [1mDELETE FROM "suburbs" WHERE "suburbs"."id" = $1[0m  [["id", 43]]
  [1m[35m (0.3ms)[0m  COMMIT
  [1m[36m (0.1ms)[0m  [1mBEGIN[0m
  [1m[35mSQL (0.2ms)[0m  DELETE FROM "suburbs" WHERE "suburbs"."id" = $1  [["id", 44]]
  [1m[36m (0.3ms)[0m  [1mCOMMIT[0m
  [1m[35m (0.1ms)[0m  BEGIN
  [1m[36mSQL (0.1ms)[0m  [1mDELETE FROM "suburbs" WHERE "suburbs"."id" = $1[0m  [["id", 45]]
  [1m[35m (0.3ms)[0m  COMMIT
  [1m[36m (0.1ms)[0m  [1mBEGIN[0m
  [1m[35mSQL (0.1ms)[0m  DELETE FROM "suburbs" WHERE "suburbs"."id" = $1  [["id", 46]]
  [1m[36m (0.3ms)[0m  [1mCOMMIT[0m
  [1m[35m (0.2ms)[0m  BEGIN
  [1m[36mSQL (0.1ms)[0m  [1mDELETE FROM "suburbs" WHERE "suburbs"."id" = $1[0m  [["id", 47]]
  [1m[35m (0.4ms)[0m  COMMIT
  [1m[36m (0.1ms)[0m  [1mBEGIN[0m
  [1m[35mSQL (0.1ms)[0m  DELETE FROM "suburbs" WHERE "suburbs"."id" = $1  [["id", 48]]
  [1m[36m (0.3ms)[0m  [1mCOMMIT[0m
  [1m[35m (0.1ms)[0m  BEGIN
  [1m[36mSQL (0.2ms)[0m  [1mDELETE FROM "suburbs" WHERE "suburbs"."id" = $1[0m  [["id", 49]]
  [1m[35m (0.3ms)[0m  COMMIT
  [1m[36m (0.1ms)[0m  [1mBEGIN[0m
  [1m[35mSQL (0.3ms)[0m  DELETE FROM "suburbs" WHERE "suburbs"."id" = $1  [["id", 50]]
  [1m[36m (0.3ms)[0m  [1mCOMMIT[0m
  [1m[35m (0.1ms)[0m  BEGIN
  [1m[36mSQL (0.2ms)[0m  [1mDELETE FROM "suburbs" WHERE "suburbs"."id" = $1[0m  [["id", 51]]
  [1m[35m (0.3ms)[0m  COMMIT
  [1m[36m (0.1ms)[0m  [1mBEGIN[0m
  [1m[35mSQL (0.2ms)[0m  DELETE FROM "suburbs" WHERE "suburbs"."id" = $1  [["id", 52]]
  [1m[36m (0.3ms)[0m  [1mCOMMIT[0m
  [1m[35m (0.1ms)[0m  BEGIN
  [1m[36mSQL (0.2ms)[0m  [1mDELETE FROM "suburbs" WHERE "suburbs"."id" = $1[0m  [["id", 53]]
  [1m[35m (0.3ms)[0m  COMMIT
  [1m[36m (0.1ms)[0m  [1mBEGIN[0m
  [1m[35mSQL (0.2ms)[0m  DELETE FROM "suburbs" WHERE "suburbs"."id" = $1  [["id", 54]]
  [1m[36m (0.3ms)[0m  [1mCOMMIT[0m
  [1m[35m (0.1ms)[0m  BEGIN
  [1m[36mSQL (0.2ms)[0m  [1mDELETE FROM "suburbs" WHERE "suburbs"."id" = $1[0m  [["id", 55]]
  [1m[35m (0.3ms)[0m  COMMIT
  [1m[36m (0.1ms)[0m  [1mBEGIN[0m
  [1m[35mSQL (0.2ms)[0m  DELETE FROM "suburbs" WHERE "suburbs"."id" = $1  [["id", 56]]
  [1m[36m (0.3ms)[0m  [1mCOMMIT[0m
  [1m[35m (0.1ms)[0m  BEGIN
  [1m[36mSQL (0.2ms)[0m  [1mDELETE FROM "suburbs" WHERE "suburbs"."id" = $1[0m  [["id", 57]]
  [1m[35m (0.4ms)[0m  COMMIT
  [1m[36m (0.3ms)[0m  [1mBEGIN[0m
  [1m[35mSQL (0.6ms)[0m  DELETE FROM "suburbs" WHERE "suburbs"."id" = $1  [["id", 58]]
  [1m[36m (0.8ms)[0m  [1mCOMMIT[0m
  [1m[35m (0.2ms)[0m  BEGIN
  [1m[36mSQL (0.5ms)[0m  [1mDELETE FROM "suburbs" WHERE "suburbs"."id" = $1[0m  [["id", 59]]
  [1m[35m (0.7ms)[0m  COMMIT
  [1m[36m (0.1ms)[0m  [1mBEGIN[0m
  [1m[35mSQL (0.2ms)[0m  DELETE FROM "suburbs" WHERE "suburbs"."id" = $1  [["id", 60]]
  [1m[36m (0.4ms)[0m  [1mCOMMIT[0m
  [1m[35m (0.2ms)[0m  BEGIN
  [1m[36mSQL (0.4ms)[0m  [1mDELETE FROM "suburbs" WHERE "suburbs"."id" = $1[0m  [["id", 61]]
  [1m[35m (0.5ms)[0m  COMMIT
  [1m[36m (0.2ms)[0m  [1mBEGIN[0m
  [1m[35mSQL (0.4ms)[0m  DELETE FROM "suburbs" WHERE "suburbs"."id" = $1  [["id", 62]]
  [1m[36m (0.6ms)[0m  [1mCOMMIT[0m
  [1m[35m (0.3ms)[0m  BEGIN
  [1m[36mSQL (0.4ms)[0m  [1mDELETE FROM "suburbs" WHERE "suburbs"."id" = $1[0m  [["id", 63]]
  [1m[35m (0.4ms)[0m  COMMIT
  [1m[36m (0.1ms)[0m  [1mBEGIN[0m
  [1m[35mSQL (0.1ms)[0m  DELETE FROM "suburbs" WHERE "suburbs"."id" = $1  [["id", 64]]
  [1m[36m (0.3ms)[0m  [1mCOMMIT[0m
  [1m[35m (0.1ms)[0m  BEGIN
  [1m[36mSQL (0.1ms)[0m  [1mDELETE FROM "suburbs" WHERE "suburbs"."id" = $1[0m  [["id", 65]]
  [1m[35m (0.3ms)[0m  COMMIT
  [1m[36m (0.1ms)[0m  [1mBEGIN[0m
  [1m[35mSQL (0.2ms)[0m  DELETE FROM "suburbs" WHERE "suburbs"."id" = $1  [["id", 66]]
  [1m[36m (0.2ms)[0m  [1mCOMMIT[0m
  [1m[35m (0.1ms)[0m  BEGIN
  [1m[36mSQL (0.1ms)[0m  [1mDELETE FROM "suburbs" WHERE "suburbs"."id" = $1[0m  [["id", 67]]
  [1m[35m (0.3ms)[0m  COMMIT
  [1m[36m (0.1ms)[0m  [1mBEGIN[0m
  [1m[35mSQL (0.1ms)[0m  DELETE FROM "suburbs" WHERE "suburbs"."id" = $1  [["id", 68]]
  [1m[36m (0.3ms)[0m  [1mCOMMIT[0m
  [1m[35m (0.1ms)[0m  BEGIN
  [1m[36mSQL (0.1ms)[0m  [1mDELETE FROM "suburbs" WHERE "suburbs"."id" = $1[0m  [["id", 69]]
  [1m[35m (0.3ms)[0m  COMMIT
  [1m[36m (0.1ms)[0m  [1mBEGIN[0m
  [1m[35mSQL (0.1ms)[0m  DELETE FROM "suburbs" WHERE "suburbs"."id" = $1  [["id", 70]]
  [1m[36m (0.3ms)[0m  [1mCOMMIT[0m
  [1m[35m (0.1ms)[0m  BEGIN
  [1m[36mSQL (0.1ms)[0m  [1mDELETE FROM "suburbs" WHERE "suburbs"."id" = $1[0m  [["id", 71]]
  [1m[35m (0.3ms)[0m  COMMIT
  [1m[36m (0.1ms)[0m  [1mBEGIN[0m
  [1m[35mSQL (0.1ms)[0m  DELETE FROM "suburbs" WHERE "suburbs"."id" = $1  [["id", 72]]
  [1m[36m (0.3ms)[0m  [1mCOMMIT[0m
  [1m[35m (0.1ms)[0m  BEGIN
  [1m[36mSQL (0.2ms)[0m  [1mDELETE FROM "suburbs" WHERE "suburbs"."id" = $1[0m  [["id", 73]]
  [1m[35m (0.3ms)[0m  COMMIT
  [1m[36m (0.1ms)[0m  [1mBEGIN[0m
  [1m[35mSQL (0.2ms)[0m  DELETE FROM "suburbs" WHERE "suburbs"."id" = $1  [["id", 74]]
  [1m[36m (0.2ms)[0m  [1mCOMMIT[0m
  [1m[35m (0.1ms)[0m  BEGIN
  [1m[36mSQL (0.1ms)[0m  [1mDELETE FROM "suburbs" WHERE "suburbs"."id" = $1[0m  [["id", 75]]
  [1m[35m (0.3ms)[0m  COMMIT
  [1m[36m (0.2ms)[0m  [1mBEGIN[0m
  [1m[35mSQL (0.2ms)[0m  DELETE FROM "suburbs" WHERE "suburbs"."id" = $1  [["id", 76]]
  [1m[36m (0.4ms)[0m  [1mCOMMIT[0m
  [1m[35m (0.1ms)[0m  BEGIN
  [1m[36mSQL (0.2ms)[0m  [1mDELETE FROM "suburbs" WHERE "suburbs"."id" = $1[0m  [["id", 77]]
  [1m[35m (0.3ms)[0m  COMMIT
  [1m[36m (0.1ms)[0m  [1mBEGIN[0m
  [1m[35mSQL (0.2ms)[0m  DELETE FROM "suburbs" WHERE "suburbs"."id" = $1  [["id", 78]]
  [1m[36m (0.3ms)[0m  [1mCOMMIT[0m
  [1m[35m (0.1ms)[0m  BEGIN
  [1m[36mSQL (0.2ms)[0m  [1mDELETE FROM "suburbs" WHERE "suburbs"."id" = $1[0m  [["id", 79]]
  [1m[35m (0.3ms)[0m  COMMIT
  [1m[36m (0.2ms)[0m  [1mBEGIN[0m
  [1m[35mSQL (0.2ms)[0m  DELETE FROM "suburbs" WHERE "suburbs"."id" = $1  [["id", 80]]
  [1m[36m (0.3ms)[0m  [1mCOMMIT[0m
  [1m[35m (0.1ms)[0m  BEGIN
  [1m[36mSQL (0.2ms)[0m  [1mDELETE FROM "suburbs" WHERE "suburbs"."id" = $1[0m  [["id", 81]]
  [1m[35m (0.3ms)[0m  COMMIT
  [1m[36m (0.2ms)[0m  [1mBEGIN[0m
  [1m[35mSQL (0.2ms)[0m  DELETE FROM "suburbs" WHERE "suburbs"."id" = $1  [["id", 82]]
  [1m[36m (0.3ms)[0m  [1mCOMMIT[0m
  [1m[35m (0.1ms)[0m  BEGIN
  [1m[36mSQL (0.4ms)[0m  [1mINSERT INTO "suburbs" ("suburb_name", "geocode", "median_price_house", "median_price_unit", "state") VALUES ($1, $2, $3, $4, $5) RETURNING "id"[0m  [["suburb_name", "Richmond"], ["geocode", "center: {lat: -37.8219826, lng: 144.984614}"], ["median_price_house", 1000000], ["median_price_unit", 500000], ["state", "NSW"]]
  [1m[35m (0.4ms)[0m  COMMIT
  [1m[36mSuburb Load (0.4ms)[0m  [1mSELECT "suburbs".* FROM "suburbs"[0m
